<?xml version="1.0" encoding="UTF-8"?>
<testsuites name="TestSuite2" time="122.152" tests="3" failures="0" errors="0">
   <testsuite name="TestSuite2" tests="3" failures="0" errors="0" time="122.152" skipped="0" timestamp="22-01-2025T14:47:41" hostname="LENOVO - DESKTOP-PTO9K6O" id="Test Suites/TestSuite2">
      <properties>
         <property name="deviceName"/>
         <property name="devicePlatform" value="LINUX"/>
         <property name="logFolder" value="C:\\Users\\LENOVO\\Katalon Studio\\My First Web UI Project\\Reports\\20250122_144721\\TestSuite2\\20250122_144721"/>
         <property name="logFiles" value="C:\\Users\\LENOVO\\Katalon Studio\\My First Web UI Project\\Reports\\20250122_144721\\TestSuite2\\20250122_144721\\execution0.log"/>
         <property name="attachments" value=""/>
         <property name="hostName" value="LENOVO - DESKTOP-PTO9K6O"/>
         <property name="remoteDriverUrl" value="testcloud.katalon.com/hub"/>
         <property name="os" value="Windows 10 64bit"/>
         <property name="remoteOS" value="Linux"/>
         <property name="katalonVersion" value="10.0.1.223"/>
         <property name="sessionId" value="befdac72a6a281987ae1b691ede1e279"/>
         <property name="proxyInformation" value="ProxyInformation { proxyOption=NO_PROXY, proxyServerType=HTTP, username=, password=********, proxyServerAddress=, proxyServerPort=0, executionList=&quot;&quot;, isApplyToDesiredCapabilities=true }"/>
         <property name="platform" value="Windows 10"/>
         <property name="desiredCapabilities" value="{&#xa;  &quot;se:cdpVersion&quot;: &quot;130.0.6723.69&quot;,&#xa;  &quot;timeouts&quot;: {&#xa;    &quot;implicit&quot;: 0,&#xa;    &quot;pageLoad&quot;: 300000,&#xa;    &quot;script&quot;: 30000&#xa;  },&#xa;  &quot;se:vncLocalAddress&quot;: &quot;ws://10.50.36.232:7900&quot;,&#xa;  &quot;goog:chromeOptions&quot;: {&#xa;    &quot;debuggerAddress&quot;: &quot;localhost:40967&quot;&#xa;  },&#xa;  &quot;webauthn:extension:credBlob&quot;: true,&#xa;  &quot;acceptInsecureCerts&quot;: false,&#xa;  &quot;browserVersion&quot;: &quot;130.0.0.0&quot;,&#xa;  &quot;fedcm:accounts&quot;: true,&#xa;  &quot;kt:requestId&quot;: &quot;05125816-8f9b-4ba5-b20c-961462b8820f&quot;,&#xa;  &quot;browserName&quot;: &quot;chrome&quot;,&#xa;  &quot;platformName&quot;: &quot;LINUX&quot;,&#xa;  &quot;se:vncEnabled&quot;: true,&#xa;  &quot;setWindowRect&quot;: true,&#xa;  &quot;webauthn:extension:largeBlob&quot;: true,&#xa;  &quot;networkConnectionEnabled&quot;: false,&#xa;  &quot;chrome&quot;: {&#xa;    &quot;chromedriverVersion&quot;: &quot;130.0.6723.69 (3ec172b971b9478c515a58f591112c5c23fa4965-refs/branch-heads/6723@{#1452})&quot;,&#xa;    &quot;userDataDir&quot;: &quot;/tmp/.org.chromium.Chromium.sIzebq&quot;&#xa;  },&#xa;  &quot;pageLoadStrategy&quot;: &quot;normal&quot;,&#xa;  &quot;unhandledPromptBehavior&quot;: &quot;dismiss and notify&quot;,&#xa;  &quot;strictFileInteractability&quot;: false,&#xa;  &quot;se:vnc&quot;: &quot;ws://10.50.36.232:4444/session/befdac72a6a281987ae1b691ede1e279/se/vnc&quot;,&#xa;  &quot;se:cdp&quot;: &quot;ws://10.50.36.232:4444/session/befdac72a6a281987ae1b691ede1e279/se/cdp&quot;,&#xa;  &quot;se:bidiEnabled&quot;: false,&#xa;  &quot;proxy&quot;: {&#xa;    &quot;proxyType&quot;: &quot;DIRECT&quot;,&#xa;    &quot;autodetect&quot;: false&#xa;  },&#xa;  &quot;webauthn:extension:minPinLength&quot;: true,&#xa;  &quot;webauthn:extension:prf&quot;: true,&#xa;  &quot;katalon:caps&quot;: {&#xa;    &quot;executionId&quot;: &quot;4e42fc7e-b510-440c-8600-81b0e7e94500&quot;,&#xa;    &quot;executionSessionId&quot;: &quot;05125816-8f9b-4ba5-b20c-961462b8820f&quot;&#xa;  },&#xa;  &quot;katalon:options&quot;: {&#xa;    &quot;executionId&quot;: &quot;4e42fc7e-b510-440c-8600-81b0e7e94500&quot;,&#xa;    &quot;executionMode&quot;: &quot;queue&quot;,&#xa;    &quot;executionSessionId&quot;: &quot;05125816-8f9b-4ba5-b20c-961462b8820f&quot;,&#xa;    &quot;metadata&quot;: {&#xa;      &quot;usingTunnel&quot;: false,&#xa;      &quot;accountUuid&quot;: &quot;c6686683-9d96-48f5-b27c-e636febf5ea7&quot;,&#xa;      &quot;organizationId&quot;: &quot;1874306&quot;,&#xa;      &quot;channel&quot;: &quot;kse;v\u003d10.0.1&quot;&#xa;    },&#xa;    &quot;runFromTestCloud&quot;: true,&#xa;    &quot;userId&quot;: 1643285,&#xa;    &quot;usingTunnel&quot;: false&#xa;  },&#xa;  &quot;webauthn:virtualAuthenticators&quot;: true&#xa;}"/>
         <property name="katalon:caps" value="{&#xa;  &quot;executionId&quot;: &quot;4e42fc7e-b510-440c-8600-81b0e7e94500&quot;,&#xa;  &quot;executionSessionId&quot;: &quot;05125816-8f9b-4ba5-b20c-961462b8820f&quot;&#xa;}"/>
         <property name="browser" value="Chrome 130.0.0.0"/>
         <property name="hostAddress" value="192.168.202.1"/>
         <property name="seleniumVersion" value="4.22.0"/>
      </properties>
      <testcase name="Test Cases/TC13_VerifyLogout" time="42.195" classname="Test Cases/TC13_VerifyLogout" status="PASSED">
         <system-out><![CDATA[22-01-2025T14:47:42 - [TEST_CASE][PASSED] - Test Cases/TC13_VerifyLogout: Test Cases/TC13_VerifyLogout

22-01-2025T14:47:44 - [TEST_STEP][PASSED] - openBrowser(""): Browser is opened with url: ''

22-01-2025T14:47:45 - [MESSAGE][INFO] - User set preference: ['browserVersion', '130']

22-01-2025T14:47:45 - [MESSAGE][INFO] - User set preference: ['browserName', 'chrome']

22-01-2025T14:47:45 - [MESSAGE][INFO] - User set preference: ['platformName', 'linux']

22-01-2025T14:47:45 - [MESSAGE][INFO] - User set preference: ['katalon:options', '{metadata={organizationId=1874306, accountId=1457090, channel=kse;v=10.0.1}, executionMode=queue, usingTunnel=false}']

22-01-2025T14:47:45 - [MESSAGE][INFO] - Connecting to remote web server 'testcloud.katalon.com/hub' with type 'Selenium'

22-01-2025T14:47:46 - [MESSAGE][INFO] - Action delay is set to 0 milliseconds

22-01-2025T14:48:01 - [MESSAGE][WARNING] - Your browser version or type does not support the BiDirectional WebDriver Protocol which is required for Smart Locator functionality. Please update your browser or switch to a compatible one.

22-01-2025T14:48:01 - [MESSAGE][WARNING] - Your browser version or type does not support the BiDirectional WebDriver Protocol which is required for Smart Wait functionality. Please update your browser or switch to a compatible one.

22-01-2025T14:48:03 - [MESSAGE][PASSED] - Browser is opened with url: ''

22-01-2025T14:48:03 - [TEST_STEP][PASSED] - navigateToUrl("https://katalon-demo-cura.herokuapp.com/"): Navigate to 'https://katalon-demo-cura.herokuapp.com/' successfully

22-01-2025T14:48:04 - [MESSAGE][PASSED] - Navigate to 'https://katalon-demo-cura.herokuapp.com/' successfully

22-01-2025T14:48:04 - [TEST_STEP][PASSED] - waitForElementVisible(findTestObject("HomePage/Page_CURA Healthcare Service/i_CURA Healthcare_fa fa-bars"), 2): Object 'Object Repository/HomePage/Page_CURA Healthcare Service/i_CURA Healthcare_fa fa-bars' is visible

22-01-2025T14:48:06 - [MESSAGE][PASSED] - Object 'Object Repository/HomePage/Page_CURA Healthcare Service/i_CURA Healthcare_fa fa-bars' is visible

22-01-2025T14:48:06 - [TEST_STEP][PASSED] - click(findTestObject("HomePage/Page_CURA Healthcare Service/i_CURA Healthcare_fa fa-bars")): Object: 'Object Repository/HomePage/Page_CURA Healthcare Service/i_CURA Healthcare_fa fa-bars' is clicked on

22-01-2025T14:48:08 - [MESSAGE][PASSED] - Object: 'Object Repository/HomePage/Page_CURA Healthcare Service/i_CURA Healthcare_fa fa-bars' is clicked on

22-01-2025T14:48:08 - [TEST_STEP][PASSED] - click(findTestObject("HomePage/Page_CURA Healthcare Service/a_Login")): Object: 'Object Repository/HomePage/Page_CURA Healthcare Service/a_Login' is clicked on

22-01-2025T14:48:10 - [MESSAGE][PASSED] - Object: 'Object Repository/HomePage/Page_CURA Healthcare Service/a_Login' is clicked on

22-01-2025T14:48:10 - [TEST_STEP][PASSED] - setText(findTestObject("LoginPage/Page_CURA Healthcare Service/input_Username_username"), "John Doe"): Text 'John Doe' is set on object 'Object Repository/LoginPage/Page_CURA Healthcare Service/input_Username_username'

22-01-2025T14:48:13 - [MESSAGE][PASSED] - Text 'John Doe' is set on object 'Object Repository/LoginPage/Page_CURA Healthcare Service/input_Username_username'

22-01-2025T14:48:13 - [TEST_STEP][PASSED] - setEncryptedText(findTestObject("LoginPage/Page_CURA Healthcare Service/input_Password_password"), "g3/DOGG74jC3Flrr3yH+3D/yKbOqqUNM"): Text ****** has been set on object 'Object Repository/LoginPage/Page_CURA Healthcare Service/input_Password_password'

22-01-2025T14:48:15 - [MESSAGE][PASSED] - Text ****** has been set on object 'Object Repository/LoginPage/Page_CURA Healthcare Service/input_Password_password'

22-01-2025T14:48:15 - [TEST_STEP][PASSED] - click(findTestObject("LoginPage/Page_CURA Healthcare Service/button_Login")): Object: 'Object Repository/LoginPage/Page_CURA Healthcare Service/button_Login' is clicked on

22-01-2025T14:48:17 - [MESSAGE][PASSED] - Object: 'Object Repository/LoginPage/Page_CURA Healthcare Service/button_Login' is clicked on

22-01-2025T14:48:17 - [TEST_STEP][PASSED] - click(findTestObject("HomePage/Page_CURA Healthcare Service/i_CURA Healthcare_fa fa-bars")): Object: 'Object Repository/HomePage/Page_CURA Healthcare Service/i_CURA Healthcare_fa fa-bars' is clicked on

22-01-2025T14:48:18 - [MESSAGE][PASSED] - Object: 'Object Repository/HomePage/Page_CURA Healthcare Service/i_CURA Healthcare_fa fa-bars' is clicked on

22-01-2025T14:48:18 - [TEST_STEP][PASSED] - verifyElementText(findTestObject("Object Repository/LoginPage/Page_CURA Healthcare Service/a_Logout"), "Logout"): Actual text and expected text of test object 'Object Repository/LoginPage/Page_CURA Healthcare Service/a_Logout' are matched.

22-01-2025T14:48:20 - [MESSAGE][PASSED] - Actual text and expected text of test object 'Object Repository/LoginPage/Page_CURA Healthcare Service/a_Logout' are matched.

22-01-2025T14:48:20 - [TEST_STEP][PASSED] - click(findTestObject("Object Repository/LoginPage/Page_CURA Healthcare Service/a_Logout")): Object: 'Object Repository/LoginPage/Page_CURA Healthcare Service/a_Logout' is clicked on

22-01-2025T14:48:21 - [MESSAGE][PASSED] - Object: 'Object Repository/LoginPage/Page_CURA Healthcare Service/a_Logout' is clicked on

22-01-2025T14:48:21 - [TEST_STEP][PASSED] - verifyElementText(findTestObject("HomePage/Page_CURA Healthcare Service/h1_CURA Healthcare Service"), "CURA Healthcare Service"): Actual text and expected text of test object 'Object Repository/HomePage/Page_CURA Healthcare Service/h1_CURA Healthcare Service' are matched.

22-01-2025T14:48:23 - [MESSAGE][PASSED] - Actual text and expected text of test object 'Object Repository/HomePage/Page_CURA Healthcare Service/h1_CURA Healthcare Service' are matched.

22-01-2025T14:48:23 - [TEST_STEP][PASSED] - closeBrowser(): Browser is closed

22-01-2025T14:48:24 - [MESSAGE][PASSED] - Browser is closed]]></system-out>
         <system-err><![CDATA[]]></system-err>
      </testcase>
      <testcase name="Test Cases/TC14_VerifyMakeAppoinmentPage" time="47.156" classname="Test Cases/TC14_VerifyMakeAppoinmentPage" status="PASSED">
         <system-out><![CDATA[22-01-2025T14:48:24 - [TEST_CASE][PASSED] - Test Cases/TC14_VerifyMakeAppoinmentPage: Test Cases/TC14_VerifyMakeAppoinmentPage

22-01-2025T14:48:24 - [TEST_STEP][PASSED] - openBrowser(""): Browser is opened with url: ''

22-01-2025T14:48:24 - [MESSAGE][INFO] - User set preference: ['browserVersion', '130']

22-01-2025T14:48:24 - [MESSAGE][INFO] - User set preference: ['browserName', 'chrome']

22-01-2025T14:48:24 - [MESSAGE][INFO] - User set preference: ['platformName', 'linux']

22-01-2025T14:48:24 - [MESSAGE][INFO] - User set preference: ['katalon:options', '{metadata={organizationId=1874306, accountId=1457090, channel=kse;v=10.0.1}, executionMode=queue, usingTunnel=false}']

22-01-2025T14:48:24 - [MESSAGE][INFO] - Connecting to remote web server 'testcloud.katalon.com/hub' with type 'Selenium'

22-01-2025T14:48:24 - [MESSAGE][INFO] - Action delay is set to 0 milliseconds

22-01-2025T14:48:37 - [MESSAGE][WARNING] - Your browser version or type does not support the BiDirectional WebDriver Protocol which is required for Smart Locator functionality. Please update your browser or switch to a compatible one.

22-01-2025T14:48:37 - [MESSAGE][WARNING] - Your browser version or type does not support the BiDirectional WebDriver Protocol which is required for Smart Wait functionality. Please update your browser or switch to a compatible one.

22-01-2025T14:48:39 - [MESSAGE][PASSED] - Browser is opened with url: ''

22-01-2025T14:48:39 - [TEST_STEP][PASSED] - navigateToUrl("https://katalon-demo-cura.herokuapp.com/"): Navigate to 'https://katalon-demo-cura.herokuapp.com/' successfully

22-01-2025T14:48:39 - [MESSAGE][PASSED] - Navigate to 'https://katalon-demo-cura.herokuapp.com/' successfully

22-01-2025T14:48:39 - [TEST_STEP][PASSED] - click(findTestObject("Object Repository/MakeAppoinmentPage/Page_CURA Healthcare Service/Page_CURA Healthcare Service/a_CURA Healthcare_menu-toggle")): Object: 'Object Repository/MakeAppoinmentPage/Page_CURA Healthcare Service/Page_CURA Healthcare Service/a_CURA Healthcare_menu-toggle' is clicked on

22-01-2025T14:48:41 - [MESSAGE][PASSED] - Object: 'Object Repository/MakeAppoinmentPage/Page_CURA Healthcare Service/Page_CURA Healthcare Service/a_CURA Healthcare_menu-toggle' is clicked on

22-01-2025T14:48:41 - [TEST_STEP][PASSED] - click(findTestObject("Object Repository/MakeAppoinmentPage/Page_CURA Healthcare Service/Page_CURA Healthcare Service/a_Login")): Object: 'Object Repository/MakeAppoinmentPage/Page_CURA Healthcare Service/Page_CURA Healthcare Service/a_Login' is clicked on

22-01-2025T14:48:42 - [MESSAGE][PASSED] - Object: 'Object Repository/MakeAppoinmentPage/Page_CURA Healthcare Service/Page_CURA Healthcare Service/a_Login' is clicked on

22-01-2025T14:48:42 - [TEST_STEP][PASSED] - setText(findTestObject("Object Repository/MakeAppoinmentPage/Page_CURA Healthcare Service/Page_CURA Healthcare Service/input_Username_username"), "John Doe"): Text 'John Doe' is set on object 'Object Repository/MakeAppoinmentPage/Page_CURA Healthcare Service/Page_CURA Healthcare Service/input_Username_username'

22-01-2025T14:48:46 - [MESSAGE][PASSED] - Text 'John Doe' is set on object 'Object Repository/MakeAppoinmentPage/Page_CURA Healthcare Service/Page_CURA Healthcare Service/input_Username_username'

22-01-2025T14:48:46 - [TEST_STEP][PASSED] - setEncryptedText(findTestObject("Object Repository/MakeAppoinmentPage/Page_CURA Healthcare Service/Page_CURA Healthcare Service/input_Password_password"), "g3/DOGG74jC3Flrr3yH+3D/yKbOqqUNM"): Text ****** has been set on object 'Object Repository/MakeAppoinmentPage/Page_CURA Healthcare Service/Page_CURA Healthcare Service/input_Password_password'

22-01-2025T14:48:48 - [MESSAGE][PASSED] - Text ****** has been set on object 'Object Repository/MakeAppoinmentPage/Page_CURA Healthcare Service/Page_CURA Healthcare Service/input_Password_password'

22-01-2025T14:48:48 - [TEST_STEP][PASSED] - click(findTestObject("Object Repository/MakeAppoinmentPage/Page_CURA Healthcare Service/Page_CURA Healthcare Service/button_Login")): Object: 'Object Repository/MakeAppoinmentPage/Page_CURA Healthcare Service/Page_CURA Healthcare Service/button_Login' is clicked on

22-01-2025T14:48:50 - [MESSAGE][PASSED] - Object: 'Object Repository/MakeAppoinmentPage/Page_CURA Healthcare Service/Page_CURA Healthcare Service/button_Login' is clicked on

22-01-2025T14:48:50 - [TEST_STEP][PASSED] - verifyElementText(findTestObject("Object Repository/MakeAppoinmentPage/Page_CURA Healthcare Service/Page_CURA Healthcare Service/h2_Make Appointment"), "Make Appointment"): Actual text and expected text of test object 'Object Repository/MakeAppoinmentPage/Page_CURA Healthcare Service/Page_CURA Healthcare Service/h2_Make Appointment' are matched.

22-01-2025T14:48:51 - [MESSAGE][PASSED] - Actual text and expected text of test object 'Object Repository/MakeAppoinmentPage/Page_CURA Healthcare Service/Page_CURA Healthcare Service/h2_Make Appointment' are matched.

22-01-2025T14:48:51 - [TEST_STEP][PASSED] - verifyElementText(findTestObject("Object Repository/MakeAppoinmentPage/Page_CURA Healthcare Service/Page_CURA Healthcare Service/label_Facility"), "Facility"): Actual text and expected text of test object 'Object Repository/MakeAppoinmentPage/Page_CURA Healthcare Service/Page_CURA Healthcare Service/label_Facility' are matched.

22-01-2025T14:48:53 - [MESSAGE][PASSED] - Actual text and expected text of test object 'Object Repository/MakeAppoinmentPage/Page_CURA Healthcare Service/Page_CURA Healthcare Service/label_Facility' are matched.

22-01-2025T14:48:53 - [TEST_STEP][PASSED] - verifyElementPresent(findTestObject("Object Repository/MakeAppoinmentPage/Page_CURA Healthcare Service/Page_CURA Healthcare Service/select_Tokyo CURA Healthcare Center        _5b4107"), 0): Object 'Object Repository/MakeAppoinmentPage/Page_CURA Healthcare Service/Page_CURA Healthcare Service/select_Tokyo CURA Healthcare Center        _5b4107' is present

22-01-2025T14:48:53 - [MESSAGE][WARNING] - Timeout '0' is invalid. Using default page load timeout: '30'

22-01-2025T14:48:54 - [MESSAGE][PASSED] - Object 'Object Repository/MakeAppoinmentPage/Page_CURA Healthcare Service/Page_CURA Healthcare Service/select_Tokyo CURA Healthcare Center        _5b4107' is present

22-01-2025T14:48:54 - [TEST_STEP][PASSED] - verifyElementText(findTestObject("Object Repository/MakeAppoinmentPage/Page_CURA Healthcare Service/Page_CURA Healthcare Service/label_Apply for hospital readmission"), "Apply for hospital readmission"): Actual text and expected text of test object 'Object Repository/MakeAppoinmentPage/Page_CURA Healthcare Service/Page_CURA Healthcare Service/label_Apply for hospital readmission' are matched.

22-01-2025T14:48:55 - [MESSAGE][PASSED] - Actual text and expected text of test object 'Object Repository/MakeAppoinmentPage/Page_CURA Healthcare Service/Page_CURA Healthcare Service/label_Apply for hospital readmission' are matched.

22-01-2025T14:48:55 - [TEST_STEP][PASSED] - verifyElementText(findTestObject("Object Repository/MakeAppoinmentPage/Page_CURA Healthcare Service/Page_CURA Healthcare Service/label_Healthcare Program"), "Healthcare Program"): Actual text and expected text of test object 'Object Repository/MakeAppoinmentPage/Page_CURA Healthcare Service/Page_CURA Healthcare Service/label_Healthcare Program' are matched.

22-01-2025T14:48:57 - [MESSAGE][PASSED] - Actual text and expected text of test object 'Object Repository/MakeAppoinmentPage/Page_CURA Healthcare Service/Page_CURA Healthcare Service/label_Healthcare Program' are matched.

22-01-2025T14:48:57 - [TEST_STEP][PASSED] - verifyElementText(findTestObject("Object Repository/MakeAppoinmentPage/Page_CURA Healthcare Service/Page_CURA Healthcare Service/label_Medicare"), "Medicare"): Actual text and expected text of test object 'Object Repository/MakeAppoinmentPage/Page_CURA Healthcare Service/Page_CURA Healthcare Service/label_Medicare' are matched.

22-01-2025T14:48:58 - [MESSAGE][PASSED] - Actual text and expected text of test object 'Object Repository/MakeAppoinmentPage/Page_CURA Healthcare Service/Page_CURA Healthcare Service/label_Medicare' are matched.

22-01-2025T14:48:58 - [TEST_STEP][PASSED] - verifyElementText(findTestObject("Object Repository/MakeAppoinmentPage/Page_CURA Healthcare Service/Page_CURA Healthcare Service/label_Medicaid"), "Medicaid"): Actual text and expected text of test object 'Object Repository/MakeAppoinmentPage/Page_CURA Healthcare Service/Page_CURA Healthcare Service/label_Medicaid' are matched.

22-01-2025T14:49:00 - [MESSAGE][PASSED] - Actual text and expected text of test object 'Object Repository/MakeAppoinmentPage/Page_CURA Healthcare Service/Page_CURA Healthcare Service/label_Medicaid' are matched.

22-01-2025T14:49:00 - [TEST_STEP][PASSED] - verifyElementText(findTestObject("Object Repository/MakeAppoinmentPage/Page_CURA Healthcare Service/Page_CURA Healthcare Service/label_None"), "None"): Actual text and expected text of test object 'Object Repository/MakeAppoinmentPage/Page_CURA Healthcare Service/Page_CURA Healthcare Service/label_None' are matched.

22-01-2025T14:49:01 - [MESSAGE][PASSED] - Actual text and expected text of test object 'Object Repository/MakeAppoinmentPage/Page_CURA Healthcare Service/Page_CURA Healthcare Service/label_None' are matched.

22-01-2025T14:49:01 - [TEST_STEP][PASSED] - verifyElementText(findTestObject("Object Repository/MakeAppoinmentPage/Page_CURA Healthcare Service/Page_CURA Healthcare Service/label_Visit Date (Required)"), "Visit Date (Required)"): Actual text and expected text of test object 'Object Repository/MakeAppoinmentPage/Page_CURA Healthcare Service/Page_CURA Healthcare Service/label_Visit Date (Required)' are matched.

22-01-2025T14:49:03 - [MESSAGE][PASSED] - Actual text and expected text of test object 'Object Repository/MakeAppoinmentPage/Page_CURA Healthcare Service/Page_CURA Healthcare Service/label_Visit Date (Required)' are matched.

22-01-2025T14:49:03 - [TEST_STEP][PASSED] - verifyElementPresent(findTestObject("Object Repository/MakeAppoinmentPage/Page_CURA Healthcare Service/Page_CURA Healthcare Service/input_Visit Date (Required)_visit_date"), 0): Object 'Object Repository/MakeAppoinmentPage/Page_CURA Healthcare Service/Page_CURA Healthcare Service/input_Visit Date (Required)_visit_date' is present

22-01-2025T14:49:03 - [MESSAGE][WARNING] - Timeout '0' is invalid. Using default page load timeout: '30'

22-01-2025T14:49:04 - [MESSAGE][PASSED] - Object 'Object Repository/MakeAppoinmentPage/Page_CURA Healthcare Service/Page_CURA Healthcare Service/input_Visit Date (Required)_visit_date' is present

22-01-2025T14:49:04 - [TEST_STEP][PASSED] - verifyElementText(findTestObject("Object Repository/MakeAppoinmentPage/Page_CURA Healthcare Service/Page_CURA Healthcare Service/label_Comment"), "Comment"): Actual text and expected text of test object 'Object Repository/MakeAppoinmentPage/Page_CURA Healthcare Service/Page_CURA Healthcare Service/label_Comment' are matched.

22-01-2025T14:49:06 - [MESSAGE][PASSED] - Actual text and expected text of test object 'Object Repository/MakeAppoinmentPage/Page_CURA Healthcare Service/Page_CURA Healthcare Service/label_Comment' are matched.

22-01-2025T14:49:06 - [TEST_STEP][PASSED] - verifyElementPresent(findTestObject("Object Repository/MakeAppoinmentPage/Page_CURA Healthcare Service/Page_CURA Healthcare Service/textarea_Comment_comment"), 0): Object 'Object Repository/MakeAppoinmentPage/Page_CURA Healthcare Service/Page_CURA Healthcare Service/textarea_Comment_comment' is present

22-01-2025T14:49:06 - [MESSAGE][WARNING] - Timeout '0' is invalid. Using default page load timeout: '30'

22-01-2025T14:49:07 - [MESSAGE][PASSED] - Object 'Object Repository/MakeAppoinmentPage/Page_CURA Healthcare Service/Page_CURA Healthcare Service/textarea_Comment_comment' is present

22-01-2025T14:49:07 - [TEST_STEP][PASSED] - verifyElementText(findTestObject("Object Repository/MakeAppoinmentPage/Page_CURA Healthcare Service/Page_CURA Healthcare Service/button_Book Appointment"), "Book Appointment"): Actual text and expected text of test object 'Object Repository/MakeAppoinmentPage/Page_CURA Healthcare Service/Page_CURA Healthcare Service/button_Book Appointment' are matched.

22-01-2025T14:49:08 - [MESSAGE][PASSED] - Actual text and expected text of test object 'Object Repository/MakeAppoinmentPage/Page_CURA Healthcare Service/Page_CURA Healthcare Service/button_Book Appointment' are matched.

22-01-2025T14:49:08 - [TEST_STEP][PASSED] - verifyElementClickable(findTestObject("Object Repository/MakeAppoinmentPage/Page_CURA Healthcare Service/Page_CURA Healthcare Service/button_Book Appointment")): Object 'Object Repository/MakeAppoinmentPage/Page_CURA Healthcare Service/Page_CURA Healthcare Service/button_Book Appointment' is clickable

22-01-2025T14:49:10 - [MESSAGE][PASSED] - Object 'Object Repository/MakeAppoinmentPage/Page_CURA Healthcare Service/Page_CURA Healthcare Service/button_Book Appointment' is clickable

22-01-2025T14:49:10 - [TEST_STEP][PASSED] - closeBrowser(): Browser is closed

22-01-2025T14:49:11 - [MESSAGE][PASSED] - Browser is closed]]></system-out>
         <system-err><![CDATA[]]></system-err>
      </testcase>
      <testcase name="Test Cases/TC15_VerifyFacilityDDValues" time="31.589" classname="Test Cases/TC15_VerifyFacilityDDValues" status="PASSED">
         <system-out><![CDATA[22-01-2025T14:49:11 - [TEST_CASE][PASSED] - Test Cases/TC15_VerifyFacilityDDValues: Test Cases/TC15_VerifyFacilityDDValues

22-01-2025T14:49:12 - [TEST_STEP][PASSED] - openBrowser(""): Browser is opened with url: ''

22-01-2025T14:49:12 - [MESSAGE][INFO] - User set preference: ['browserVersion', '130']

22-01-2025T14:49:12 - [MESSAGE][INFO] - User set preference: ['browserName', 'chrome']

22-01-2025T14:49:12 - [MESSAGE][INFO] - User set preference: ['platformName', 'linux']

22-01-2025T14:49:12 - [MESSAGE][INFO] - User set preference: ['katalon:options', '{metadata={organizationId=1874306, accountId=1457090, channel=kse;v=10.0.1}, executionMode=queue, usingTunnel=false}']

22-01-2025T14:49:12 - [MESSAGE][INFO] - Connecting to remote web server 'testcloud.katalon.com/hub' with type 'Selenium'

22-01-2025T14:49:12 - [MESSAGE][INFO] - Action delay is set to 0 milliseconds

22-01-2025T14:49:24 - [MESSAGE][WARNING] - Your browser version or type does not support the BiDirectional WebDriver Protocol which is required for Smart Locator functionality. Please update your browser or switch to a compatible one.

22-01-2025T14:49:24 - [MESSAGE][WARNING] - Your browser version or type does not support the BiDirectional WebDriver Protocol which is required for Smart Wait functionality. Please update your browser or switch to a compatible one.

22-01-2025T14:49:26 - [MESSAGE][PASSED] - Browser is opened with url: ''

22-01-2025T14:49:26 - [TEST_STEP][PASSED] - navigateToUrl("https://katalon-demo-cura.herokuapp.com/"): Navigate to 'https://katalon-demo-cura.herokuapp.com/' successfully

22-01-2025T14:49:26 - [MESSAGE][PASSED] - Navigate to 'https://katalon-demo-cura.herokuapp.com/' successfully

22-01-2025T14:49:26 - [TEST_STEP][PASSED] - click(findTestObject("Object Repository/MakeAppoinmentPage/Page_CURA Healthcare Service/Page_CURA Healthcare Service/i_CURA Healthcare_fa fa-bars")): Object: 'Object Repository/MakeAppoinmentPage/Page_CURA Healthcare Service/Page_CURA Healthcare Service/i_CURA Healthcare_fa fa-bars' is clicked on

22-01-2025T14:49:28 - [MESSAGE][PASSED] - Object: 'Object Repository/MakeAppoinmentPage/Page_CURA Healthcare Service/Page_CURA Healthcare Service/i_CURA Healthcare_fa fa-bars' is clicked on

22-01-2025T14:49:28 - [TEST_STEP][PASSED] - click(findTestObject("Object Repository/MakeAppoinmentPage/Page_CURA Healthcare Service/Page_CURA Healthcare Service/a_Login")): Object: 'Object Repository/MakeAppoinmentPage/Page_CURA Healthcare Service/Page_CURA Healthcare Service/a_Login' is clicked on

22-01-2025T14:49:30 - [MESSAGE][PASSED] - Object: 'Object Repository/MakeAppoinmentPage/Page_CURA Healthcare Service/Page_CURA Healthcare Service/a_Login' is clicked on

22-01-2025T14:49:30 - [TEST_STEP][PASSED] - setText(findTestObject("Object Repository/MakeAppoinmentPage/Page_CURA Healthcare Service/Page_CURA Healthcare Service/input_Username_username"), "John Doe"): Text 'John Doe' is set on object 'Object Repository/MakeAppoinmentPage/Page_CURA Healthcare Service/Page_CURA Healthcare Service/input_Username_username'

22-01-2025T14:49:33 - [MESSAGE][PASSED] - Text 'John Doe' is set on object 'Object Repository/MakeAppoinmentPage/Page_CURA Healthcare Service/Page_CURA Healthcare Service/input_Username_username'

22-01-2025T14:49:33 - [TEST_STEP][PASSED] - setEncryptedText(findTestObject("Object Repository/MakeAppoinmentPage/Page_CURA Healthcare Service/Page_CURA Healthcare Service/input_Password_password"), "g3/DOGG74jC3Flrr3yH+3D/yKbOqqUNM"): Text ****** has been set on object 'Object Repository/MakeAppoinmentPage/Page_CURA Healthcare Service/Page_CURA Healthcare Service/input_Password_password'

22-01-2025T14:49:35 - [MESSAGE][PASSED] - Text ****** has been set on object 'Object Repository/MakeAppoinmentPage/Page_CURA Healthcare Service/Page_CURA Healthcare Service/input_Password_password'

22-01-2025T14:49:35 - [TEST_STEP][PASSED] - click(findTestObject("Object Repository/MakeAppoinmentPage/Page_CURA Healthcare Service/Page_CURA Healthcare Service/button_Login")): Object: 'Object Repository/MakeAppoinmentPage/Page_CURA Healthcare Service/Page_CURA Healthcare Service/button_Login' is clicked on

22-01-2025T14:49:36 - [MESSAGE][PASSED] - Object: 'Object Repository/MakeAppoinmentPage/Page_CURA Healthcare Service/Page_CURA Healthcare Service/button_Login' is clicked on

22-01-2025T14:49:36 - [TEST_STEP][PASSED] - click(findTestObject("MakeAppoinmentPage/Page_CURA Healthcare Service/Page_CURA Healthcare Service/select_Tokyo CURA Healthcare Center        _5b4107")): Object: 'Object Repository/MakeAppoinmentPage/Page_CURA Healthcare Service/Page_CURA Healthcare Service/select_Tokyo CURA Healthcare Center        _5b4107' is clicked on

22-01-2025T14:49:38 - [MESSAGE][PASSED] - Object: 'Object Repository/MakeAppoinmentPage/Page_CURA Healthcare Service/Page_CURA Healthcare Service/select_Tokyo CURA Healthcare Center        _5b4107' is clicked on

22-01-2025T14:49:38 - [TEST_STEP][PASSED] - facilityDDValue = getNumberOfSelectedOption(findTestObject("MakeAppoinmentPage/Page_CURA Healthcare Service/Page_CURA Healthcare Service/select_Tokyo CURA Healthcare Center        _5b4107")): 1 selected options of object 'Object Repository/MakeAppoinmentPage/Page_CURA Healthcare Service/Page_CURA Healthcare Service/select_Tokyo CURA Healthcare Center        _5b4107' counted

22-01-2025T14:49:42 - [MESSAGE][PASSED] - 1 selected options of object 'Object Repository/MakeAppoinmentPage/Page_CURA Healthcare Service/Page_CURA Healthcare Service/select_Tokyo CURA Healthcare Center        _5b4107' counted

22-01-2025T14:49:42 - [TEST_STEP][PASSED] - assert facilityDDValue == 1: null

22-01-2025T14:49:42 - [TEST_STEP][PASSED] - closeBrowser(): Browser is closed

22-01-2025T14:49:43 - [MESSAGE][PASSED] - Browser is closed]]></system-out>
         <system-err><![CDATA[]]></system-err>
      </testcase>
      <system-out><![CDATA[22-01-2025T14:47:41 - [TEST_SUITE][PASSED] - TestSuite2: Test Cases/TC15_VerifyFacilityDDValues]]></system-out>
      <system-err><![CDATA[]]></system-err>
   </testsuite>
</testsuites>
